<?xml version="1.0" encoding="UTF-8"?>
<!-- Generated by org.testng.reporters.JUnitReportReporter -->
<testsuite hostname="Bharat" failures="0" tests="1" name="scripts.Amazon2" time="0.005" errors="0" timestamp="2020-12-15T12:34:10 IST" skipped="0">
  <testcase classname="scripts.Amazon2" name="logindate" time="0.005"/>
  <system-out/>
</testsuite> <!-- scripts.Amazon2 -->
