<?xml version="1.0" encoding="UTF-8"?>
<!-- Generated by org.testng.reporters.JUnitReportReporter -->
<testsuite hostname="Bharat" failures="0" tests="2" name="testng.Basics" time="0.006" errors="0" timestamp="2021-05-10T12:41:25 IST" skipped="0">
  <testcase classname="testng.Basics" name="basic1" time="0.001"/>
  <system-out/>
  <testcase classname="testng.Basics" name="basic" time="0.005"/>
  <system-out/>
</testsuite> <!-- testng.Basics -->
