<?xml version="1.0" encoding="UTF-8"?>
<!-- Generated by org.testng.reporters.JUnitReportReporter -->
<testsuite hostname="Bharat" failures="0" tests="2" name="scripts.Amazon" time="0.008" errors="0" timestamp="2020-12-15T12:33:48 IST" skipped="0">
  <testcase classname="scripts.Amazon" name="login1" time="0.007"/>
  <system-out/>
  <testcase classname="scripts.Amazon" name="login" time="0.001"/>
  <system-out/>
</testsuite> <!-- scripts.Amazon -->
